  main.cpp
D:\Koc University\Spring 2021\COMP 410\computer-graphics-project\FireSmokeProject_VisualStudio\FireSmokeProject\FireSmokeProject\Angel.h(63,47): warning C4305: 'initializing': truncation from 'double' to 'GLfloat'
D:\Koc University\Spring 2021\COMP 410\computer-graphics-project\FireSmokeProject_VisualStudio\FireSmokeProject\FireSmokeProject\mat.h(707,18): warning C4244: '=': conversion from 'double' to 'GLfloat', possible loss of data
D:\Koc University\Spring 2021\COMP 410\computer-graphics-project\FireSmokeProject_VisualStudio\FireSmokeProject\FireSmokeProject\mat.h(708,18): warning C4244: '=': conversion from 'double' to 'GLfloat', possible loss of data
D:\Koc University\Spring 2021\COMP 410\computer-graphics-project\FireSmokeProject_VisualStudio\FireSmokeProject\FireSmokeProject\mat.h(709,18): warning C4244: '=': conversion from 'double' to 'GLfloat', possible loss of data
D:\Koc University\Spring 2021\COMP 410\computer-graphics-project\FireSmokeProject_VisualStudio\FireSmokeProject\FireSmokeProject\mat.h(730,24): warning C4244: '=': conversion from 'double' to 'GLfloat', possible loss of data
D:\Koc University\Spring 2021\COMP 410\computer-graphics-project\FireSmokeProject_VisualStudio\FireSmokeProject\FireSmokeProject\mat.h(732,24): warning C4244: '=': conversion from 'double' to 'GLfloat', possible loss of data
D:\Koc University\Spring 2021\COMP 410\computer-graphics-project\FireSmokeProject_VisualStudio\FireSmokeProject\FireSmokeProject\mat.h(735,30): warning C4244: '=': conversion from 'double' to 'GLfloat', possible loss of data
D:\Koc University\Spring 2021\COMP 410\computer-graphics-project\FireSmokeProject_VisualStudio\FireSmokeProject\FireSmokeProject\mat.h(752,30): warning C4244: '=': conversion from 'double' to 'GLfloat', possible loss of data
D:\Koc University\Spring 2021\COMP 410\computer-graphics-project\FireSmokeProject_VisualStudio\FireSmokeProject\FireSmokeProject\main.cpp(148,33): warning C4305: 'argument': truncation from 'double' to 'GLfloat'
D:\Koc University\Spring 2021\COMP 410\computer-graphics-project\FireSmokeProject_VisualStudio\FireSmokeProject\FireSmokeProject\main.cpp(149,32): warning C4305: 'argument': truncation from 'double' to 'GLfloat'
D:\Koc University\Spring 2021\COMP 410\computer-graphics-project\FireSmokeProject_VisualStudio\FireSmokeProject\FireSmokeProject\main.cpp(150,33): warning C4305: 'argument': truncation from 'double' to 'GLfloat'
D:\Koc University\Spring 2021\COMP 410\computer-graphics-project\FireSmokeProject_VisualStudio\FireSmokeProject\FireSmokeProject\main.cpp(154,31): warning C4305: 'argument': truncation from 'double' to 'GLfloat'
D:\Koc University\Spring 2021\COMP 410\computer-graphics-project\FireSmokeProject_VisualStudio\FireSmokeProject\FireSmokeProject\main.cpp(159,33): warning C4305: 'argument': truncation from 'double' to 'GLfloat'
D:\Koc University\Spring 2021\COMP 410\computer-graphics-project\FireSmokeProject_VisualStudio\FireSmokeProject\FireSmokeProject\main.cpp(161,30): warning C4305: 'argument': truncation from 'double' to 'GLfloat'
D:\Koc University\Spring 2021\COMP 410\computer-graphics-project\FireSmokeProject_VisualStudio\FireSmokeProject\FireSmokeProject\main.cpp(162,33): warning C4305: 'argument': truncation from 'double' to 'GLfloat'
  Generating code
  1 of 27 functions ( 3.7%) were compiled, the rest were copied from previous compilation.
    0 functions were new in current compilation
    1 functions had inline decision re-evaluated but remain unchanged
  Finished generating code
  FireSmokeProject.vcxproj -> D:\Koc University\Spring 2021\COMP 410\computer-graphics-project\FireSmokeProject_VisualStudio\FireSmokeProject\Release\FireSmokeProject.exe
