  InitShader.cpp
D:\Koc University\Spring 2021\COMP 410\computer-graphics-project\Bowling_VisualStudio\bowling\bowling\Angel.h(63,47): warning C4305: 'initializing': truncation from 'double' to 'GLfloat'
D:\Koc University\Spring 2021\COMP 410\computer-graphics-project\Bowling_VisualStudio\bowling\bowling\mat.h(707,18): warning C4244: '=': conversion from 'double' to 'GLfloat', possible loss of data
D:\Koc University\Spring 2021\COMP 410\computer-graphics-project\Bowling_VisualStudio\bowling\bowling\mat.h(708,18): warning C4244: '=': conversion from 'double' to 'GLfloat', possible loss of data
D:\Koc University\Spring 2021\COMP 410\computer-graphics-project\Bowling_VisualStudio\bowling\bowling\mat.h(709,18): warning C4244: '=': conversion from 'double' to 'GLfloat', possible loss of data
D:\Koc University\Spring 2021\COMP 410\computer-graphics-project\Bowling_VisualStudio\bowling\bowling\mat.h(730,24): warning C4244: '=': conversion from 'double' to 'GLfloat', possible loss of data
D:\Koc University\Spring 2021\COMP 410\computer-graphics-project\Bowling_VisualStudio\bowling\bowling\mat.h(732,24): warning C4244: '=': conversion from 'double' to 'GLfloat', possible loss of data
D:\Koc University\Spring 2021\COMP 410\computer-graphics-project\Bowling_VisualStudio\bowling\bowling\mat.h(735,30): warning C4244: '=': conversion from 'double' to 'GLfloat', possible loss of data
D:\Koc University\Spring 2021\COMP 410\computer-graphics-project\Bowling_VisualStudio\bowling\bowling\mat.h(752,30): warning C4244: '=': conversion from 'double' to 'GLfloat', possible loss of data
  main.cpp
D:\Koc University\Spring 2021\COMP 410\computer-graphics-project\Bowling_VisualStudio\bowling\bowling\Angel.h(63,47): warning C4305: 'initializing': truncation from 'double' to 'GLfloat'
D:\Koc University\Spring 2021\COMP 410\computer-graphics-project\Bowling_VisualStudio\bowling\bowling\mat.h(707,18): warning C4244: '=': conversion from 'double' to 'GLfloat', possible loss of data
D:\Koc University\Spring 2021\COMP 410\computer-graphics-project\Bowling_VisualStudio\bowling\bowling\mat.h(708,18): warning C4244: '=': conversion from 'double' to 'GLfloat', possible loss of data
D:\Koc University\Spring 2021\COMP 410\computer-graphics-project\Bowling_VisualStudio\bowling\bowling\mat.h(709,18): warning C4244: '=': conversion from 'double' to 'GLfloat', possible loss of data
D:\Koc University\Spring 2021\COMP 410\computer-graphics-project\Bowling_VisualStudio\bowling\bowling\mat.h(730,24): warning C4244: '=': conversion from 'double' to 'GLfloat', possible loss of data
D:\Koc University\Spring 2021\COMP 410\computer-graphics-project\Bowling_VisualStudio\bowling\bowling\mat.h(732,24): warning C4244: '=': conversion from 'double' to 'GLfloat', possible loss of data
D:\Koc University\Spring 2021\COMP 410\computer-graphics-project\Bowling_VisualStudio\bowling\bowling\mat.h(735,30): warning C4244: '=': conversion from 'double' to 'GLfloat', possible loss of data
D:\Koc University\Spring 2021\COMP 410\computer-graphics-project\Bowling_VisualStudio\bowling\bowling\mat.h(752,30): warning C4244: '=': conversion from 'double' to 'GLfloat', possible loss of data
D:\Koc University\Spring 2021\COMP 410\computer-graphics-project\Bowling_VisualStudio\bowling\bowling\main.cpp(17,23): warning C4305: 'initializing': truncation from 'double' to 'float'
D:\Koc University\Spring 2021\COMP 410\computer-graphics-project\Bowling_VisualStudio\bowling\bowling\main.cpp(18,29): warning C4305: 'initializing': truncation from 'double' to 'float'
D:\Koc University\Spring 2021\COMP 410\computer-graphics-project\Bowling_VisualStudio\bowling\bowling\main.cpp(19,18): warning C4305: 'initializing': truncation from 'double' to 'float'
D:\Koc University\Spring 2021\COMP 410\computer-graphics-project\Bowling_VisualStudio\bowling\bowling\main.cpp(35,33): warning C4305: 'argument': truncation from 'double' to 'GLfloat'
D:\Koc University\Spring 2021\COMP 410\computer-graphics-project\Bowling_VisualStudio\bowling\bowling\main.cpp(36,33): warning C4305: 'argument': truncation from 'double' to 'GLfloat'
D:\Koc University\Spring 2021\COMP 410\computer-graphics-project\Bowling_VisualStudio\bowling\bowling\main.cpp(37,32): warning C4305: 'argument': truncation from 'double' to 'GLfloat'
D:\Koc University\Spring 2021\COMP 410\computer-graphics-project\Bowling_VisualStudio\bowling\bowling\main.cpp(38,32): warning C4305: 'argument': truncation from 'double' to 'GLfloat'
D:\Koc University\Spring 2021\COMP 410\computer-graphics-project\Bowling_VisualStudio\bowling\bowling\main.cpp(39,33): warning C4305: 'argument': truncation from 'double' to 'GLfloat'
D:\Koc University\Spring 2021\COMP 410\computer-graphics-project\Bowling_VisualStudio\bowling\bowling\main.cpp(40,33): warning C4305: 'argument': truncation from 'double' to 'GLfloat'
D:\Koc University\Spring 2021\COMP 410\computer-graphics-project\Bowling_VisualStudio\bowling\bowling\main.cpp(41,32): warning C4305: 'argument': truncation from 'double' to 'GLfloat'
D:\Koc University\Spring 2021\COMP 410\computer-graphics-project\Bowling_VisualStudio\bowling\bowling\main.cpp(42,32): warning C4305: 'argument': truncation from 'double' to 'GLfloat'
D:\Koc University\Spring 2021\COMP 410\computer-graphics-project\Bowling_VisualStudio\bowling\bowling\main.cpp(136,42): warning C4305: 'argument': truncation from 'double' to 'GLfloat'
D:\Koc University\Spring 2021\COMP 410\computer-graphics-project\Bowling_VisualStudio\bowling\bowling\main.cpp(137,49): warning C4305: 'argument': truncation from 'double' to 'GLfloat'
D:\Koc University\Spring 2021\COMP 410\computer-graphics-project\Bowling_VisualStudio\bowling\bowling\main.cpp(138,48): warning C4305: 'argument': truncation from 'double' to 'GLfloat'
D:\Koc University\Spring 2021\COMP 410\computer-graphics-project\Bowling_VisualStudio\bowling\bowling\main.cpp(166,23): warning C4018: '<': signed/unsigned mismatch
D:\Koc University\Spring 2021\COMP 410\computer-graphics-project\Bowling_VisualStudio\bowling\bowling\main.cpp(168,55): warning C4244: 'argument': conversion from 'double' to 'GLfloat', possible loss of data
D:\Koc University\Spring 2021\COMP 410\computer-graphics-project\Bowling_VisualStudio\bowling\bowling\main.cpp(168,46): warning C4244: 'argument': conversion from 'double' to 'GLfloat', possible loss of data
D:\Koc University\Spring 2021\COMP 410\computer-graphics-project\Bowling_VisualStudio\bowling\bowling\main.cpp(168,37): warning C4244: 'argument': conversion from 'double' to 'GLfloat', possible loss of data
D:\Koc University\Spring 2021\COMP 410\computer-graphics-project\Bowling_VisualStudio\bowling\bowling\main.cpp(173,23): warning C4018: '<': signed/unsigned mismatch
D:\Koc University\Spring 2021\COMP 410\computer-graphics-project\Bowling_VisualStudio\bowling\bowling\main.cpp(282,44): warning C4305: 'argument': truncation from 'double' to 'const GLfloat'
D:\Koc University\Spring 2021\COMP 410\computer-graphics-project\Bowling_VisualStudio\bowling\bowling\main.cpp(303,77): warning C4244: 'argument': conversion from 'double' to 'const GLfloat', possible loss of data
D:\Koc University\Spring 2021\COMP 410\computer-graphics-project\Bowling_VisualStudio\bowling\bowling\main.cpp(303,44): warning C4244: 'argument': conversion from 'double' to 'const GLfloat', possible loss of data
D:\Koc University\Spring 2021\COMP 410\computer-graphics-project\Bowling_VisualStudio\bowling\bowling\main.cpp(306,66): warning C4244: 'argument': conversion from 'double' to 'const GLfloat', possible loss of data
D:\Koc University\Spring 2021\COMP 410\computer-graphics-project\Bowling_VisualStudio\bowling\bowling\main.cpp(306,33): warning C4244: 'argument': conversion from 'double' to 'const GLfloat', possible loss of data
D:\Koc University\Spring 2021\COMP 410\computer-graphics-project\Bowling_VisualStudio\bowling\bowling\main.cpp(355,20): warning C4305: '=': truncation from 'double' to 'float'
D:\Koc University\Spring 2021\COMP 410\computer-graphics-project\Bowling_VisualStudio\bowling\bowling\main.cpp(358,25): warning C4305: '=': truncation from 'double' to 'float'
  Generating code
  4 of 222 functions ( 1.8%) were compiled, the rest were copied from previous compilation.
    0 functions were new in current compilation
    0 functions had inline decision re-evaluated but remain unchanged
  Finished generating code
  bowling.vcxproj -> D:\Koc University\Spring 2021\COMP 410\computer-graphics-project\Bowling_VisualStudio\bowling\Release\bowling.exe
